<?xml version="1.0" encoding="UTF-8"?>
<testng-results ignored="0" total="3" passed="3" failed="0" skipped="0">
  <reporter-output>
  </reporter-output>
  <suite started-at="2023-06-14T22:30:41 IST" name="Default suite" finished-at="2023-06-14T22:30:44 IST" duration-ms="2367">
    <groups>
    </groups>
    <test started-at="2023-06-14T22:30:41 IST" name="Default test" finished-at="2023-06-14T22:30:44 IST" duration-ms="2367">
      <class name="com.testscenarios.ReadExcel">
        <test-method signature="readExcel()[pri:1, instance:com.testscenarios.ReadExcel@4d5b6aac]" started-at="2023-06-14T22:30:42 IST" name="readExcel" finished-at="2023-06-14T22:30:43 IST" duration-ms="1852" status="PASS">
          <reporter-output>
          </reporter-output>
        </test-method> <!-- readExcel -->
        <test-method signature="readExcel2()[pri:2, instance:com.testscenarios.ReadExcel@4d5b6aac]" started-at="2023-06-14T22:30:43 IST" name="readExcel2" finished-at="2023-06-14T22:30:43 IST" duration-ms="95" status="PASS">
          <reporter-output>
          </reporter-output>
        </test-method> <!-- readExcel2 -->
        <test-method signature="write()[pri:3, instance:com.testscenarios.ReadExcel@4d5b6aac]" started-at="2023-06-14T22:30:43 IST" name="write" finished-at="2023-06-14T22:30:44 IST" duration-ms="358" status="PASS">
          <reporter-output>
          </reporter-output>
        </test-method> <!-- write -->
      </class> <!-- com.testscenarios.ReadExcel -->
    </test> <!-- Default test -->
  </suite> <!-- Default suite -->
</testng-results>
