<?xml version="1.0" encoding="UTF-8"?>
<testng-results ignored="0" total="2" passed="2" failed="0" skipped="0">
  <reporter-output>
  </reporter-output>
  <suite started-at="2023-06-14T01:28:15 IST" name="Default suite" finished-at="2023-06-14T01:28:17 IST" duration-ms="2065">
    <groups>
    </groups>
    <test started-at="2023-06-14T01:28:15 IST" name="Default test" finished-at="2023-06-14T01:28:17 IST" duration-ms="2065">
      <class name="com.testscenarios.ReadExcel">
        <test-method signature="readExcel()[pri:1, instance:com.testscenarios.ReadExcel@4d5b6aac]" started-at="2023-06-14T01:28:15 IST" name="readExcel" finished-at="2023-06-14T01:28:16 IST" duration-ms="1883" status="PASS">
          <reporter-output>
          </reporter-output>
        </test-method> <!-- readExcel -->
        <test-method signature="readExcel2()[pri:2, instance:com.testscenarios.ReadExcel@4d5b6aac]" started-at="2023-06-14T01:28:17 IST" name="readExcel2" finished-at="2023-06-14T01:28:17 IST" duration-ms="108" status="PASS">
          <reporter-output>
          </reporter-output>
        </test-method> <!-- readExcel2 -->
      </class> <!-- com.testscenarios.ReadExcel -->
    </test> <!-- Default test -->
  </suite> <!-- Default suite -->
</testng-results>
