<?xml version="1.0" encoding="UTF-8"?>
<!-- Generated by org.testng.reporters.JUnitXMLReporter -->
<testsuite ignored="0" hostname="DESKTOP-I50C56H" failures="0" tests="3" name="Default test" time="2.367" errors="0" timestamp="2023-06-14T22:30:44 IST">
  <testcase classname="com.testscenarios.ReadExcel" name="readExcel" time="1.852"/>
  <testcase classname="com.testscenarios.ReadExcel" name="readExcel2" time="0.095"/>
  <testcase classname="com.testscenarios.ReadExcel" name="write" time="0.358"/>
</testsuite> <!-- Default test -->
